Using pre-set license
Built from '2021.1/staging' branch; Version is '2021.1.13f1 (a03098edbbe0) revision 10498200'; Using compiler version '192528614'; Build Type 'Release'
OS: 'Windows 10 Home; OS build 19042.1288; Version 2009; 64bit' Language: 'en' Physical Memory: 8052 MB
BatchMode: 1, IsHumanControllingUs: 0, StartBugReporterOnCrash: 0, Is64bit: 1, IsPro: 0

 COMMAND LINE ARGUMENTS:
C:\Program Files\Unity\Hub\Editor\2021.1.13f1\Editor\Unity.exe
-adb2
-batchMode
-noUpm
-name
AssetImportWorker0
-projectPath
C:/Users/srenp/Projects/Udemy RPG
-logFile
Logs/AssetImportWorker0.log
-srvPort
59548
Successfully changed project path to: C:/Users/srenp/Projects/Udemy RPG
C:/Users/srenp/Projects/Udemy RPG
Using Asset Import Pipeline V2.
Refreshing native plugins compatible for Editor in 337.58 ms, found 4 plugins.
Preloading 0 native plugins for Editor in 0.00 ms.
Initialize engine version: 2021.1.13f1 (a03098edbbe0)
[Subsystems] Discovering subsystems at path C:/Program Files/Unity/Hub/Editor/2021.1.13f1/Editor/Data/Resources/UnitySubsystems
[Subsystems] Discovering subsystems at path C:/Users/srenp/Projects/Udemy RPG/Assets
GfxDevice: creating device client; threaded=0; jobified=0
Direct3D:
    Version:  Direct3D 11.0 [level 11.1]
    Renderer: Intel(R) UHD Graphics 620 (ID=0x5917)
    Vendor:   Intel
    VRAM:     4026 MB
    Driver:   27.20.100.8477
Initialize mono
Mono path[0] = 'C:/Program Files/Unity/Hub/Editor/2021.1.13f1/Editor/Data/Managed'
Mono path[1] = 'C:/Program Files/Unity/Hub/Editor/2021.1.13f1/Editor/Data/MonoBleedingEdge/lib/mono/unityjit'
Mono config path = 'C:/Program Files/Unity/Hub/Editor/2021.1.13f1/Editor/Data/MonoBleedingEdge/etc'
Using monoOptions --debugger-agent=transport=dt_socket,embedding=1,server=y,suspend=n,address=127.0.0.1:56360
Begin MonoManager ReloadAssembly
Registering precompiled unity dll's ...
Register platform support module: C:/Program Files/Unity/Hub/Editor/2021.1.13f1/Editor/Data/PlaybackEngines/WindowsStandaloneSupport/UnityEditor.WindowsStandalone.Extensions.dll
Registered in 0.007259 seconds.
Native extension for WindowsStandalone target not found
Refreshing native plugins compatible for Editor in 410.64 ms, found 4 plugins.
Preloading 0 native plugins for Editor in 0.00 ms.
Mono: successfully reloaded assembly
- Completed reload, in  4.632 seconds
Domain Reload Profiling:
	ReloadAssembly (4632ms)
		BeginReloadAssembly (199ms)
			ExecutionOrderSort (0ms)
			DisableScriptedObjects (0ms)
			BackupInstance (0ms)
			ReleaseScriptingObjects (0ms)
			CreateAndSetChildDomain (3ms)
		EndReloadAssembly (1763ms)
			LoadAssemblies (190ms)
			RebuildTransferFunctionScriptingTraits (0ms)
			SetupTypeCache (590ms)
			ReleaseScriptCaches (0ms)
			RebuildScriptCaches (129ms)
			SetupLoadedEditorAssemblies (872ms)
				LogAssemblyErrors (0ms)
				InitializePlatformSupportModulesInManaged (15ms)
				SetLoadedEditorAssemblies (1ms)
				RefreshPlugins (411ms)
				BeforeProcessingInitializeOnLoad (4ms)
				ProcessInitializeOnLoadAttributes (331ms)
				ProcessInitializeOnLoadMethodAttributes (110ms)
				AfterProcessingInitializeOnLoad (0ms)
				EditorAssembliesLoaded (1ms)
			ExecutionOrderSort2 (0ms)
			AwakeInstancesAfterBackupRestoration (0ms)
Platform modules already initialized, skipping
Registering precompiled user dll's ...
Registered in 0.027462 seconds.
Begin MonoManager ReloadAssembly
Symbol file LoadedFromMemory doesn't match image C:\Users\srenp\Projects\Udemy RPG\Library\PackageCache\com.unity.visualscripting@1.6.1\Editor\VisualScripting.Core\Dependencies\YamlDotNet\Unity.VisualScripting.YamlDotNet.dll
Symbol file LoadedFromMemory doesn't match image C:\Users\srenp\Projects\Udemy RPG\Library\PackageCache\com.unity.visualscripting@1.6.1\Editor\VisualScripting.Core\Dependencies\DotNetZip\Unity.VisualScripting.IonicZip.dll
Native extension for WindowsStandalone target not found
Refreshing native plugins compatible for Editor in 330.11 ms, found 4 plugins.
Preloading 0 native plugins for Editor in 0.00 ms.
Mono: successfully reloaded assembly
- Completed reload, in  4.447 seconds
Domain Reload Profiling:
	ReloadAssembly (4448ms)
		BeginReloadAssembly (458ms)
			ExecutionOrderSort (0ms)
			DisableScriptedObjects (10ms)
			BackupInstance (0ms)
			ReleaseScriptingObjects (0ms)
			CreateAndSetChildDomain (60ms)
		EndReloadAssembly (3755ms)
			LoadAssemblies (297ms)
			RebuildTransferFunctionScriptingTraits (0ms)
			SetupTypeCache (1361ms)
			ReleaseScriptCaches (1ms)
			RebuildScriptCaches (236ms)
			SetupLoadedEditorAssemblies (1467ms)
				LogAssemblyErrors (0ms)
				InitializePlatformSupportModulesInManaged (12ms)
				SetLoadedEditorAssemblies (1ms)
				RefreshPlugins (330ms)
				BeforeProcessingInitializeOnLoad (282ms)
				ProcessInitializeOnLoadAttributes (768ms)
				ProcessInitializeOnLoadMethodAttributes (51ms)
				AfterProcessingInitializeOnLoad (22ms)
				EditorAssembliesLoaded (0ms)
			ExecutionOrderSort2 (0ms)
			AwakeInstancesAfterBackupRestoration (21ms)
Platform modules already initialized, skipping
========================================================================
Worker process is ready to serve import requests
Launched and connected shader compiler UnityShaderCompiler.exe after 0.12 seconds
Refreshing native plugins compatible for Editor in 1.78 ms, found 4 plugins.
Preloading 0 native plugins for Editor in 0.00 ms.
Unloading 3683 Unused Serialized files (Serialized files now loaded: 0)
System memory in use before: 136.6 MB.
System memory in use after: 136.7 MB.

Unloading 37 unused Assets to reduce memory usage. Loaded Objects now: 4129.
Total: 5.930400 ms (FindLiveObjects: 0.564200 ms CreateObjectMapping: 0.361000 ms MarkObjects: 4.828500 ms  DeleteObjects: 0.174400 ms)

AssetImportParameters requested are different than current active one (requested -> active):
  custom:framework-win-MediaFoundation: 216162199b28c13a410421893ffa2e32 -> 
  custom:video-decoder-ogg-theora: a1e56fd34408186e4bbccfd4996cb3dc -> 
  custom:container-muxer-webm: aa71ff27fc2769a1b78a27578f13a17b -> 
  custom:container-demuxer-webm: 4f35f7cbe854078d1ac9338744f61a02 -> 
  custom:container-demuxer-ogg: 62fdf1f143b41e24485cea50d1cbac27 -> 
  custom:video-encoder-webm-vp8: eb34c28f22e8b96e1ab97ce403110664 -> 
  custom:video-decoder-webm-vp8: 9c59270c3fd7afecdb556c50c9e8de78 -> 
  custom:audio-decoder-ogg-vorbis: bf7c407c2cedff20999df2af8eb42d56 -> 
  custom:audio-encoder-webm-vorbis: bf7c407c2cedff20999df2af8eb42d56 -> 
========================================================================
Received Import Request.
  path: Assets/Udemy RPG Assets/Art/gfx by ArMM1998/Inner.png
  artifactKey: Guid(8b65a770ed12f0b419cb38759dbe1088) Importer(815301076,1909f56bfc062723c751e8b465ee728b)
Start importing Assets/Udemy RPG Assets/Art/gfx by ArMM1998/Inner.png using Guid(8b65a770ed12f0b419cb38759dbe1088) Importer(815301076,1909f56bfc062723c751e8b465ee728b)  -> (artifact id: 'ad132bd9131c3cd80f706c457eb30a47') in 1.240134 seconds 
========================================================================
Received Import Request.
  Time since last request: 93.096384 seconds.
  path: Assets/Tiles/Interior_Tiles/Inner_0.asset
  artifactKey: Guid(825339f9680e9d14298ace86d6f30817) Importer(815301076,1909f56bfc062723c751e8b465ee728b)
Start importing Assets/Tiles/Interior_Tiles/Inner_0.asset using Guid(825339f9680e9d14298ace86d6f30817) Importer(815301076,1909f56bfc062723c751e8b465ee728b)  -> (artifact id: '2568715a90e93126a3e08e7625aad486') in 0.035515 seconds 
========================================================================
Received Import Request.
  Time since last request: 0.000721 seconds.
  path: Assets/Tiles/Interior_Tiles/Inner_13.asset
  artifactKey: Guid(3f339d9457e19364fbdf3ef24f38fed7) Importer(815301076,1909f56bfc062723c751e8b465ee728b)
Start importing Assets/Tiles/Interior_Tiles/Inner_13.asset using Guid(3f339d9457e19364fbdf3ef24f38fed7) Importer(815301076,1909f56bfc062723c751e8b465ee728b)  -> (artifact id: 'c52c3e4562a41d2f380e0c54f14f8588') in 0.032508 seconds 
========================================================================
Received Import Request.
  Time since last request: 0.000488 seconds.
  path: Assets/Tiles/Interior_Tiles/Inner_8.asset
  artifactKey: Guid(19cbaac1cfc805a49a32433b18fe74b1) Importer(815301076,1909f56bfc062723c751e8b465ee728b)
Start importing Assets/Tiles/Interior_Tiles/Inner_8.asset using Guid(19cbaac1cfc805a49a32433b18fe74b1) Importer(815301076,1909f56bfc062723c751e8b465ee728b)  -> (artifact id: '9000f451269f99ba4d2c996120fba456') in 0.019277 seconds 
========================================================================
Received Import Request.
  Time since last request: 0.000459 seconds.
  path: Assets/Tiles/Interior_Tiles/Inner_12.asset
  artifactKey: Guid(413e54b59cb2a3e459cae4ddce0c639f) Importer(815301076,1909f56bfc062723c751e8b465ee728b)
Start importing Assets/Tiles/Interior_Tiles/Inner_12.asset using Guid(413e54b59cb2a3e459cae4ddce0c639f) Importer(815301076,1909f56bfc062723c751e8b465ee728b)  -> (artifact id: '41db6ab1ad6d4a40c8b628b417cbe8a1') in 0.022958 seconds 
========================================================================
Received Import Request.
  Time since last request: 0.000457 seconds.
  path: Assets/Tiles/Interior_Tiles/Inner_2.asset
  artifactKey: Guid(59fa485d671053d47a5a3452e8505fc7) Importer(815301076,1909f56bfc062723c751e8b465ee728b)
Start importing Assets/Tiles/Interior_Tiles/Inner_2.asset using Guid(59fa485d671053d47a5a3452e8505fc7) Importer(815301076,1909f56bfc062723c751e8b465ee728b)  -> (artifact id: '1657e9c01e29c0940b03c6cc6f1d2965') in 0.023349 seconds 
========================================================================
Received Import Request.
  Time since last request: 0.000434 seconds.
  path: Assets/Tiles/Interior_Tiles/Inner_5.asset
  artifactKey: Guid(32e4acf32c9d8464782a43be680482ab) Importer(815301076,1909f56bfc062723c751e8b465ee728b)
Start importing Assets/Tiles/Interior_Tiles/Inner_5.asset using Guid(32e4acf32c9d8464782a43be680482ab) Importer(815301076,1909f56bfc062723c751e8b465ee728b)  -> (artifact id: '90f3367ce50336c4562923e8e4803def') in 0.017818 seconds 
========================================================================
Received Import Request.
  Time since last request: 0.000468 seconds.
  path: Assets/Tiles/Interior_Tiles/Inner_3.asset
  artifactKey: Guid(489bf067938ec5647893d29c1b974696) Importer(815301076,1909f56bfc062723c751e8b465ee728b)
Start importing Assets/Tiles/Interior_Tiles/Inner_3.asset using Guid(489bf067938ec5647893d29c1b974696) Importer(815301076,1909f56bfc062723c751e8b465ee728b)  -> (artifact id: 'f2ab63fe860d1b85fddef2a724a9b16e') in 0.015719 seconds 
========================================================================
Received Import Request.
  Time since last request: 0.000423 seconds.
  path: Assets/Tiles/Interior_Tiles/Inner_9.asset
  artifactKey: Guid(071bdc013beb8cc48a2595cac2a31322) Importer(815301076,1909f56bfc062723c751e8b465ee728b)
Start importing Assets/Tiles/Interior_Tiles/Inner_9.asset using Guid(071bdc013beb8cc48a2595cac2a31322) Importer(815301076,1909f56bfc062723c751e8b465ee728b)  -> (artifact id: 'f2d75c58013c2b0177220092b50b7481') in 0.015676 seconds 
========================================================================
Received Import Request.
  Time since last request: 0.000459 seconds.
  path: Assets/Tiles/Interior_Tiles/Inner_15.asset
  artifactKey: Guid(b0b96d1e25ed909429b172c9ca102c89) Importer(815301076,1909f56bfc062723c751e8b465ee728b)
Start importing Assets/Tiles/Interior_Tiles/Inner_15.asset using Guid(b0b96d1e25ed909429b172c9ca102c89) Importer(815301076,1909f56bfc062723c751e8b465ee728b)  -> (artifact id: '7a33cc23085b373eac9ecfa70500bdfa') in 0.020774 seconds 
========================================================================
Received Import Request.
  Time since last request: 0.000440 seconds.
  path: Assets/Tiles/Interior_Tiles/Inner_1.asset
  artifactKey: Guid(9f485d0153fd2894da1c403c03249271) Importer(815301076,1909f56bfc062723c751e8b465ee728b)
Start importing Assets/Tiles/Interior_Tiles/Inner_1.asset using Guid(9f485d0153fd2894da1c403c03249271) Importer(815301076,1909f56bfc062723c751e8b465ee728b)  -> (artifact id: 'cd2d9480a892f3f4d0d39c3969d336c6') in 0.017249 seconds 
========================================================================
Received Import Request.
  Time since last request: 0.000518 seconds.
  path: Assets/Tiles/Interior_Tiles/Inner_16.asset
  artifactKey: Guid(a5c7802a9861e084780c6603d64957b1) Importer(815301076,1909f56bfc062723c751e8b465ee728b)
Start importing Assets/Tiles/Interior_Tiles/Inner_16.asset using Guid(a5c7802a9861e084780c6603d64957b1) Importer(815301076,1909f56bfc062723c751e8b465ee728b)  -> (artifact id: '45759830d2c8c7e6c4f8a05116606954') in 0.017507 seconds 
========================================================================
Received Import Request.
  Time since last request: 0.000784 seconds.
  path: Assets/Tiles/Interior_Tiles/Inner_6.asset
  artifactKey: Guid(a59d68eca897dff41adac4a78946bab7) Importer(815301076,1909f56bfc062723c751e8b465ee728b)
Start importing Assets/Tiles/Interior_Tiles/Inner_6.asset using Guid(a59d68eca897dff41adac4a78946bab7) Importer(815301076,1909f56bfc062723c751e8b465ee728b)  -> (artifact id: '11d683cbf865d889efd3197eaed809c0') in 0.020442 seconds 
========================================================================
Received Import Request.
  Time since last request: 0.000402 seconds.
  path: Assets/Tiles/Interior_Tiles/Inner_10.asset
  artifactKey: Guid(be7f38d8aa1a4204abdda3d65c58d593) Importer(815301076,1909f56bfc062723c751e8b465ee728b)
Start importing Assets/Tiles/Interior_Tiles/Inner_10.asset using Guid(be7f38d8aa1a4204abdda3d65c58d593) Importer(815301076,1909f56bfc062723c751e8b465ee728b)  -> (artifact id: '4eb59725aa62733f0d9a7186d7ea706f') in 0.020222 seconds 
========================================================================
Received Import Request.
  Time since last request: 0.000470 seconds.
  path: Assets/Tiles/Interior_Tiles/Inner_11.asset
  artifactKey: Guid(080e9f05569a5b4469be3511ef3a81e5) Importer(815301076,1909f56bfc062723c751e8b465ee728b)
Start importing Assets/Tiles/Interior_Tiles/Inner_11.asset using Guid(080e9f05569a5b4469be3511ef3a81e5) Importer(815301076,1909f56bfc062723c751e8b465ee728b)  -> (artifact id: '38b48866fcc67855f4fc29ce2ddb3bc5') in 0.016351 seconds 
========================================================================
Received Import Request.
  Time since last request: 0.000417 seconds.
  path: Assets/Tiles/Interior_Tiles/Inner_4.asset
  artifactKey: Guid(99a4cccce6deafb4ab1012faa24026fd) Importer(815301076,1909f56bfc062723c751e8b465ee728b)
Start importing Assets/Tiles/Interior_Tiles/Inner_4.asset using Guid(99a4cccce6deafb4ab1012faa24026fd) Importer(815301076,1909f56bfc062723c751e8b465ee728b)  -> (artifact id: '02c10e233418c1f5560866c8c25246b2') in 0.018019 seconds 
========================================================================
Received Import Request.
  Time since last request: 0.000457 seconds.
  path: Assets/Tiles/Interior_Tiles/Inner_7.asset
  artifactKey: Guid(c0024795cd0c8334894b413b2c18926e) Importer(815301076,1909f56bfc062723c751e8b465ee728b)
Start importing Assets/Tiles/Interior_Tiles/Inner_7.asset using Guid(c0024795cd0c8334894b413b2c18926e) Importer(815301076,1909f56bfc062723c751e8b465ee728b)  -> (artifact id: '3436fb87f49f25bf2a22f69d3952feb8') in 0.018353 seconds 
========================================================================
Received Import Request.
  Time since last request: 0.000418 seconds.
  path: Assets/Tiles/Interior_Tiles/Inner_14.asset
  artifactKey: Guid(ec89834e3cc1dc44896795f6f09594cb) Importer(815301076,1909f56bfc062723c751e8b465ee728b)
Start importing Assets/Tiles/Interior_Tiles/Inner_14.asset using Guid(ec89834e3cc1dc44896795f6f09594cb) Importer(815301076,1909f56bfc062723c751e8b465ee728b)  -> (artifact id: 'cb52307db5466a0d43b0455402095a93') in 0.014984 seconds 
========================================================================
Received Import Request.
  Time since last request: 49.581158 seconds.
  path: Assets/Tiles/Interior_Tiles/Interior.prefab
  artifactKey: Guid(91e3f8285664e35438c59d2cace7ed24) Importer(815301076,1909f56bfc062723c751e8b465ee728b)
Start importing Assets/Tiles/Interior_Tiles/Interior.prefab using Guid(91e3f8285664e35438c59d2cace7ed24) Importer(815301076,1909f56bfc062723c751e8b465ee728b)  -> (artifact id: 'e94b8476cd660638f360038a64f5799e') in 0.048937 seconds 
========================================================================
Received Import Request.
  Time since last request: 2581.392466 seconds.
  path: Assets/Tiles/OverWorld_Tiles/Overworld_Padded_9.asset
  artifactKey: Guid(0e4c53755fce9a14cbcefbd1875d4526) Importer(815301076,1909f56bfc062723c751e8b465ee728b)
Start importing Assets/Tiles/OverWorld_Tiles/Overworld_Padded_9.asset using Guid(0e4c53755fce9a14cbcefbd1875d4526) Importer(815301076,1909f56bfc062723c751e8b465ee728b)  -> (artifact id: '9cda2755ca28840696bb9d2ae6419574') in 0.047750 seconds 
========================================================================
Received Import Request.
  Time since last request: 0.000457 seconds.
  path: Assets/Tiles/OverWorld_Tiles/Overworld_Padded_14.asset
  artifactKey: Guid(3d76d4c1d654ef747a7efa91006dd528) Importer(815301076,1909f56bfc062723c751e8b465ee728b)
Start importing Assets/Tiles/OverWorld_Tiles/Overworld_Padded_14.asset using Guid(3d76d4c1d654ef747a7efa91006dd528) Importer(815301076,1909f56bfc062723c751e8b465ee728b)  -> (artifact id: 'da8ee4e9af9a1d372bb1b328e509dbf2') in 0.024261 seconds 
========================================================================
Received Import Request.
  Time since last request: 0.000490 seconds.
  path: Assets/Tiles/OverWorld_Tiles/Overworld_Padded_16.asset
  artifactKey: Guid(19b6cc47683d04643ad3b09612ab5d1b) Importer(815301076,1909f56bfc062723c751e8b465ee728b)
Start importing Assets/Tiles/OverWorld_Tiles/Overworld_Padded_16.asset using Guid(19b6cc47683d04643ad3b09612ab5d1b) Importer(815301076,1909f56bfc062723c751e8b465ee728b)  -> (artifact id: 'f8612004838d46229a4187fcd66d839f') in 0.020229 seconds 
========================================================================
Received Import Request.
  Time since last request: 0.000462 seconds.
  path: Assets/Tiles/OverWorld_Tiles/Overworld_Padded_10.asset
  artifactKey: Guid(62f82ff218669a143b15de3cecd842ba) Importer(815301076,1909f56bfc062723c751e8b465ee728b)
Start importing Assets/Tiles/OverWorld_Tiles/Overworld_Padded_10.asset using Guid(62f82ff218669a143b15de3cecd842ba) Importer(815301076,1909f56bfc062723c751e8b465ee728b)  -> (artifact id: '494ad67ea15d1a74f2793926b8602bc5') in 0.020190 seconds 
========================================================================
Received Import Request.
  Time since last request: 0.000776 seconds.
  path: Assets/Tiles/OverWorld_Tiles/Overworld_Padded_11.asset
  artifactKey: Guid(9d9b162e23d4b5c45860adb973922c7c) Importer(815301076,1909f56bfc062723c751e8b465ee728b)
Start importing Assets/Tiles/OverWorld_Tiles/Overworld_Padded_11.asset using Guid(9d9b162e23d4b5c45860adb973922c7c) Importer(815301076,1909f56bfc062723c751e8b465ee728b)  -> (artifact id: 'a5e6d3d3020c4db73879bcc5b3cd310f') in 0.020827 seconds 
========================================================================
Received Import Request.
  Time since last request: 0.000387 seconds.
  path: Assets/Tiles/OverWorld_Tiles/Overworld_Padded_15.asset
  artifactKey: Guid(2a1739ca00a03014783749e46e17c90d) Importer(815301076,1909f56bfc062723c751e8b465ee728b)
Start importing Assets/Tiles/OverWorld_Tiles/Overworld_Padded_15.asset using Guid(2a1739ca00a03014783749e46e17c90d) Importer(815301076,1909f56bfc062723c751e8b465ee728b)  -> (artifact id: '459a16d3a27b30185f17825329f0efe7') in 0.020840 seconds 
========================================================================
Received Import Request.
  Time since last request: 0.000457 seconds.
  path: Assets/Tiles/OverWorld_Tiles/Overworld_Padded_13.asset
  artifactKey: Guid(106d09023c70ab547a5d9b80dcf7a1b5) Importer(815301076,1909f56bfc062723c751e8b465ee728b)
Start importing Assets/Tiles/OverWorld_Tiles/Overworld_Padded_13.asset using Guid(106d09023c70ab547a5d9b80dcf7a1b5) Importer(815301076,1909f56bfc062723c751e8b465ee728b)  -> (artifact id: '408c17ad4ddab99937b566a0870590b8') in 0.020258 seconds 
========================================================================
Received Import Request.
  Time since last request: 0.000517 seconds.
  path: Assets/Tiles/OverWorld_Tiles/Overworld_Padded_12.asset
  artifactKey: Guid(608cc9a9785e8bd4db76e9e2deeca2cd) Importer(815301076,1909f56bfc062723c751e8b465ee728b)
Start importing Assets/Tiles/OverWorld_Tiles/Overworld_Padded_12.asset using Guid(608cc9a9785e8bd4db76e9e2deeca2cd) Importer(815301076,1909f56bfc062723c751e8b465ee728b)  -> (artifact id: 'ae85a2a8097b4a59f5fda1be06303e55') in 0.021028 seconds 
========================================================================
Received Prepare
Registering precompiled user dll's ...
Registered in 0.021073 seconds.
Begin MonoManager ReloadAssembly
Symbol file LoadedFromMemory doesn't match image C:\Users\srenp\Projects\Udemy RPG\Library\PackageCache\com.unity.visualscripting@1.6.1\Editor\VisualScripting.Core\Dependencies\YamlDotNet\Unity.VisualScripting.YamlDotNet.dll
Symbol file LoadedFromMemory doesn't match image C:\Users\srenp\Projects\Udemy RPG\Library\PackageCache\com.unity.visualscripting@1.6.1\Editor\VisualScripting.Core\Dependencies\DotNetZip\Unity.VisualScripting.IonicZip.dll
Native extension for WindowsStandalone target not found
Refreshing native plugins compatible for Editor in 1.65 ms, found 4 plugins.
Preloading 0 native plugins for Editor in 0.00 ms.
Mono: successfully reloaded assembly
- Completed reload, in  2.494 seconds
Domain Reload Profiling:
	ReloadAssembly (2496ms)
		BeginReloadAssembly (385ms)
			ExecutionOrderSort (0ms)
			DisableScriptedObjects (34ms)
			BackupInstance (0ms)
			ReleaseScriptingObjects (0ms)
			CreateAndSetChildDomain (172ms)
		EndReloadAssembly (1965ms)
			LoadAssemblies (228ms)
			RebuildTransferFunctionScriptingTraits (0ms)
			SetupTypeCache (779ms)
			ReleaseScriptCaches (2ms)
			RebuildScriptCaches (91ms)
			SetupLoadedEditorAssemblies (648ms)
				LogAssemblyErrors (0ms)
				InitializePlatformSupportModulesInManaged (9ms)
				SetLoadedEditorAssemblies (1ms)
				RefreshPlugins (2ms)
				BeforeProcessingInitializeOnLoad (138ms)
				ProcessInitializeOnLoadAttributes (470ms)
				ProcessInitializeOnLoadMethodAttributes (15ms)
				AfterProcessingInitializeOnLoad (13ms)
				EditorAssembliesLoaded (0ms)
			ExecutionOrderSort2 (0ms)
			AwakeInstancesAfterBackupRestoration (30ms)
Platform modules already initialized, skipping
Refreshing native plugins compatible for Editor in 1.86 ms, found 4 plugins.
Preloading 0 native plugins for Editor in 0.00 ms.
Unloading 3679 Unused Serialized files (Serialized files now loaded: 0)
System memory in use before: 142.4 MB.
System memory in use after: 142.4 MB.

Unloading 25 unused Assets to reduce memory usage. Loaded Objects now: 4161.
Total: 6.659300 ms (FindLiveObjects: 0.709200 ms CreateObjectMapping: 0.497100 ms MarkObjects: 5.308900 ms  DeleteObjects: 0.141900 ms)

AssetImportParameters requested are different than current active one (requested -> active):
  custom:framework-win-MediaFoundation: 216162199b28c13a410421893ffa2e32 -> 
  custom:video-decoder-ogg-theora: a1e56fd34408186e4bbccfd4996cb3dc -> 
  custom:container-muxer-webm: aa71ff27fc2769a1b78a27578f13a17b -> 
  custom:container-demuxer-webm: 4f35f7cbe854078d1ac9338744f61a02 -> 
  custom:container-demuxer-ogg: 62fdf1f143b41e24485cea50d1cbac27 -> 
  custom:video-encoder-webm-vp8: eb34c28f22e8b96e1ab97ce403110664 -> 
  custom:video-decoder-webm-vp8: 9c59270c3fd7afecdb556c50c9e8de78 -> 
  custom:audio-decoder-ogg-vorbis: bf7c407c2cedff20999df2af8eb42d56 -> 
  custom:audio-encoder-webm-vorbis: bf7c407c2cedff20999df2af8eb42d56 -> 
========================================================================
Received Prepare
Registering precompiled user dll's ...
Registered in 0.015868 seconds.
Begin MonoManager ReloadAssembly
Symbol file LoadedFromMemory doesn't match image C:\Users\srenp\Projects\Udemy RPG\Library\PackageCache\com.unity.visualscripting@1.6.1\Editor\VisualScripting.Core\Dependencies\YamlDotNet\Unity.VisualScripting.YamlDotNet.dll
Symbol file LoadedFromMemory doesn't match image C:\Users\srenp\Projects\Udemy RPG\Library\PackageCache\com.unity.visualscripting@1.6.1\Editor\VisualScripting.Core\Dependencies\DotNetZip\Unity.VisualScripting.IonicZip.dll
Native extension for WindowsStandalone target not found
Refreshing native plugins compatible for Editor in 1.75 ms, found 4 plugins.
Preloading 0 native plugins for Editor in 0.00 ms.
Mono: successfully reloaded assembly
- Completed reload, in  2.092 seconds
Domain Reload Profiling:
	ReloadAssembly (2093ms)
		BeginReloadAssembly (185ms)
			ExecutionOrderSort (0ms)
			DisableScriptedObjects (15ms)
			BackupInstance (0ms)
			ReleaseScriptingObjects (0ms)
			CreateAndSetChildDomain (56ms)
		EndReloadAssembly (1797ms)
			LoadAssemblies (143ms)
			RebuildTransferFunctionScriptingTraits (0ms)
			SetupTypeCache (707ms)
			ReleaseScriptCaches (2ms)
			RebuildScriptCaches (86ms)
			SetupLoadedEditorAssemblies (600ms)
				LogAssemblyErrors (0ms)
				InitializePlatformSupportModulesInManaged (8ms)
				SetLoadedEditorAssemblies (1ms)
				RefreshPlugins (2ms)
				BeforeProcessingInitializeOnLoad (130ms)
				ProcessInitializeOnLoadAttributes (432ms)
				ProcessInitializeOnLoadMethodAttributes (15ms)
				AfterProcessingInitializeOnLoad (12ms)
				EditorAssembliesLoaded (0ms)
			ExecutionOrderSort2 (0ms)
			AwakeInstancesAfterBackupRestoration (28ms)
Platform modules already initialized, skipping
Refreshing native plugins compatible for Editor in 1.63 ms, found 4 plugins.
Preloading 0 native plugins for Editor in 0.00 ms.
Unloading 3678 Unused Serialized files (Serialized files now loaded: 0)
System memory in use before: 142.4 MB.
System memory in use after: 142.5 MB.

Unloading 25 unused Assets to reduce memory usage. Loaded Objects now: 4165.
Total: 5.558700 ms (FindLiveObjects: 0.532900 ms CreateObjectMapping: 0.302500 ms MarkObjects: 4.543700 ms  DeleteObjects: 0.177800 ms)

AssetImportParameters requested are different than current active one (requested -> active):
  custom:framework-win-MediaFoundation: 216162199b28c13a410421893ffa2e32 -> 
  custom:video-decoder-ogg-theora: a1e56fd34408186e4bbccfd4996cb3dc -> 
  custom:container-muxer-webm: aa71ff27fc2769a1b78a27578f13a17b -> 
  custom:container-demuxer-webm: 4f35f7cbe854078d1ac9338744f61a02 -> 
  custom:container-demuxer-ogg: 62fdf1f143b41e24485cea50d1cbac27 -> 
  custom:video-encoder-webm-vp8: eb34c28f22e8b96e1ab97ce403110664 -> 
  custom:video-decoder-webm-vp8: 9c59270c3fd7afecdb556c50c9e8de78 -> 
  custom:audio-decoder-ogg-vorbis: bf7c407c2cedff20999df2af8eb42d56 -> 
  custom:audio-encoder-webm-vorbis: bf7c407c2cedff20999df2af8eb42d56 -> 
========================================================================
Received Prepare
Registering precompiled user dll's ...
Registered in 0.033598 seconds.
Begin MonoManager ReloadAssembly
Symbol file LoadedFromMemory doesn't match image C:\Users\srenp\Projects\Udemy RPG\Library\PackageCache\com.unity.visualscripting@1.6.1\Editor\VisualScripting.Core\Dependencies\YamlDotNet\Unity.VisualScripting.YamlDotNet.dll
Symbol file LoadedFromMemory doesn't match image C:\Users\srenp\Projects\Udemy RPG\Library\PackageCache\com.unity.visualscripting@1.6.1\Editor\VisualScripting.Core\Dependencies\DotNetZip\Unity.VisualScripting.IonicZip.dll
Native extension for WindowsStandalone target not found
Refreshing native plugins compatible for Editor in 2.77 ms, found 4 plugins.
Preloading 0 native plugins for Editor in 0.00 ms.
Mono: successfully reloaded assembly
- Completed reload, in  4.128 seconds
Domain Reload Profiling:
	ReloadAssembly (4129ms)
		BeginReloadAssembly (391ms)
			ExecutionOrderSort (0ms)
			DisableScriptedObjects (19ms)
			BackupInstance (0ms)
			ReleaseScriptingObjects (0ms)
			CreateAndSetChildDomain (118ms)
		EndReloadAssembly (3467ms)
			LoadAssemblies (390ms)
			RebuildTransferFunctionScriptingTraits (0ms)
			SetupTypeCache (1391ms)
			ReleaseScriptCaches (4ms)
			RebuildScriptCaches (181ms)
			SetupLoadedEditorAssemblies (1116ms)
				LogAssemblyErrors (0ms)
				InitializePlatformSupportModulesInManaged (18ms)
				SetLoadedEditorAssemblies (2ms)
				RefreshPlugins (3ms)
				BeforeProcessingInitializeOnLoad (244ms)
				ProcessInitializeOnLoadAttributes (789ms)
				ProcessInitializeOnLoadMethodAttributes (32ms)
				AfterProcessingInitializeOnLoad (28ms)
				EditorAssembliesLoaded (0ms)
			ExecutionOrderSort2 (0ms)
			AwakeInstancesAfterBackupRestoration (49ms)
Platform modules already initialized, skipping
Refreshing native plugins compatible for Editor in 3.03 ms, found 4 plugins.
Preloading 0 native plugins for Editor in 0.00 ms.
Unloading 3678 Unused Serialized files (Serialized files now loaded: 0)
System memory in use before: 142.4 MB.
System memory in use after: 142.5 MB.

Unloading 25 unused Assets to reduce memory usage. Loaded Objects now: 4169.
Total: 6.553800 ms (FindLiveObjects: 0.563700 ms CreateObjectMapping: 0.316700 ms MarkObjects: 5.422500 ms  DeleteObjects: 0.248900 ms)

AssetImportParameters requested are different than current active one (requested -> active):
  custom:framework-win-MediaFoundation: 216162199b28c13a410421893ffa2e32 -> 
  custom:video-decoder-ogg-theora: a1e56fd34408186e4bbccfd4996cb3dc -> 
  custom:container-muxer-webm: aa71ff27fc2769a1b78a27578f13a17b -> 
  custom:container-demuxer-webm: 4f35f7cbe854078d1ac9338744f61a02 -> 
  custom:container-demuxer-ogg: 62fdf1f143b41e24485cea50d1cbac27 -> 
  custom:video-encoder-webm-vp8: eb34c28f22e8b96e1ab97ce403110664 -> 
  custom:video-decoder-webm-vp8: 9c59270c3fd7afecdb556c50c9e8de78 -> 
  custom:audio-decoder-ogg-vorbis: bf7c407c2cedff20999df2af8eb42d56 -> 
  custom:audio-encoder-webm-vorbis: bf7c407c2cedff20999df2af8eb42d56 -> 
========================================================================
Received Import Request.
  Time since last request: 345.177754 seconds.
  path: Assets/Scripts/GameManager.cs
  artifactKey: Guid(3a3874c88b379614a8fb8e946fc38ce1) Importer(815301076,1909f56bfc062723c751e8b465ee728b)
Start importing Assets/Scripts/GameManager.cs using Guid(3a3874c88b379614a8fb8e946fc38ce1) Importer(815301076,1909f56bfc062723c751e8b465ee728b)  -> (artifact id: '13804cfbc1e33702843c34ac2d8bd68e') in 0.032560 seconds 
========================================================================
Received Prepare
Registering precompiled user dll's ...
Registered in 0.046816 seconds.
Begin MonoManager ReloadAssembly
Symbol file LoadedFromMemory doesn't match image C:\Users\srenp\Projects\Udemy RPG\Library\PackageCache\com.unity.visualscripting@1.6.1\Editor\VisualScripting.Core\Dependencies\YamlDotNet\Unity.VisualScripting.YamlDotNet.dll
Symbol file LoadedFromMemory doesn't match image C:\Users\srenp\Projects\Udemy RPG\Library\PackageCache\com.unity.visualscripting@1.6.1\Editor\VisualScripting.Core\Dependencies\DotNetZip\Unity.VisualScripting.IonicZip.dll
Native extension for WindowsStandalone target not found
Refreshing native plugins compatible for Editor in 1.16 ms, found 4 plugins.
Preloading 0 native plugins for Editor in 0.00 ms.
Mono: successfully reloaded assembly
- Completed reload, in  1.767 seconds
Domain Reload Profiling:
	ReloadAssembly (1781ms)
		BeginReloadAssembly (308ms)
			ExecutionOrderSort (0ms)
			DisableScriptedObjects (38ms)
			BackupInstance (0ms)
			ReleaseScriptingObjects (0ms)
			CreateAndSetChildDomain (112ms)
		EndReloadAssembly (1332ms)
			LoadAssemblies (170ms)
			RebuildTransferFunctionScriptingTraits (0ms)
			SetupTypeCache (596ms)
			ReleaseScriptCaches (2ms)
			RebuildScriptCaches (62ms)
			SetupLoadedEditorAssemblies (375ms)
				LogAssemblyErrors (0ms)
				InitializePlatformSupportModulesInManaged (6ms)
				SetLoadedEditorAssemblies (1ms)
				RefreshPlugins (1ms)
				BeforeProcessingInitializeOnLoad (80ms)
				ProcessInitializeOnLoadAttributes (268ms)
				ProcessInitializeOnLoadMethodAttributes (10ms)
				AfterProcessingInitializeOnLoad (9ms)
				EditorAssembliesLoaded (0ms)
			ExecutionOrderSort2 (0ms)
			AwakeInstancesAfterBackupRestoration (16ms)
Platform modules already initialized, skipping
Refreshing native plugins compatible for Editor in 1.23 ms, found 4 plugins.
Preloading 0 native plugins for Editor in 0.00 ms.
Unloading 3678 Unused Serialized files (Serialized files now loaded: 0)
System memory in use before: 142.4 MB.
System memory in use after: 142.5 MB.

Unloading 25 unused Assets to reduce memory usage. Loaded Objects now: 4173.
Total: 3.620300 ms (FindLiveObjects: 0.329600 ms CreateObjectMapping: 0.199500 ms MarkObjects: 2.913800 ms  DeleteObjects: 0.175900 ms)

AssetImportParameters requested are different than current active one (requested -> active):
  custom:framework-win-MediaFoundation: 216162199b28c13a410421893ffa2e32 -> 
  custom:video-decoder-ogg-theora: a1e56fd34408186e4bbccfd4996cb3dc -> 
  custom:container-muxer-webm: aa71ff27fc2769a1b78a27578f13a17b -> 
  custom:container-demuxer-webm: 4f35f7cbe854078d1ac9338744f61a02 -> 
  custom:container-demuxer-ogg: 62fdf1f143b41e24485cea50d1cbac27 -> 
  custom:video-encoder-webm-vp8: eb34c28f22e8b96e1ab97ce403110664 -> 
  custom:video-decoder-webm-vp8: 9c59270c3fd7afecdb556c50c9e8de78 -> 
  custom:audio-decoder-ogg-vorbis: bf7c407c2cedff20999df2af8eb42d56 -> 
  custom:audio-encoder-webm-vorbis: bf7c407c2cedff20999df2af8eb42d56 -> 
========================================================================
Received Import Request.
  Time since last request: 15139.281651 seconds.
  path: Assets/Scripts/GameManager.cs
  artifactKey: Guid(3a3874c88b379614a8fb8e946fc38ce1) Importer(815301076,1909f56bfc062723c751e8b465ee728b)
Start importing Assets/Scripts/GameManager.cs using Guid(3a3874c88b379614a8fb8e946fc38ce1) Importer(815301076,1909f56bfc062723c751e8b465ee728b)  -> (artifact id: '3f42b789f1263b08636b118d73f8dc4f') in 0.007291 seconds 
========================================================================
Received Import Request.
  Time since last request: 12.129958 seconds.
  path: Assets/Prefabs/GameManager.prefab
  artifactKey: Guid(b98d6536ecf5fa443b921d7ebd4a52cb) Importer(815301076,1909f56bfc062723c751e8b465ee728b)
Start importing Assets/Prefabs/GameManager.prefab using Guid(b98d6536ecf5fa443b921d7ebd4a52cb) Importer(815301076,1909f56bfc062723c751e8b465ee728b)  -> (artifact id: '7dd8a9ee82575ce4d82a1c9847afb011') in 0.044454 seconds 
========================================================================
Received Import Request.
  Time since last request: 100.017302 seconds.
  path: Assets/Prefabs/UI Canvas.prefab
  artifactKey: Guid(e202ddef528b9e74a91e46c95794935b) Importer(815301076,1909f56bfc062723c751e8b465ee728b)
Start importing Assets/Prefabs/UI Canvas.prefab using Guid(e202ddef528b9e74a91e46c95794935b) Importer(815301076,1909f56bfc062723c751e8b465ee728b)  -> (artifact id: '92315fae3b76823057d63763cc5702f6') in 0.063916 seconds 
========================================================================
Received Import Request.
  Time since last request: 52.913774 seconds.
  path: Assets/Prefabs/UI Canvas.prefab
  artifactKey: Guid(e202ddef528b9e74a91e46c95794935b) Importer(815301076,1909f56bfc062723c751e8b465ee728b)
Start importing Assets/Prefabs/UI Canvas.prefab using Guid(e202ddef528b9e74a91e46c95794935b) Importer(815301076,1909f56bfc062723c751e8b465ee728b)  -> (artifact id: 'b9d695c090be3544c6426a8c93b1feb5') in 0.051119 seconds 
========================================================================
Received Import Request.
  Time since last request: 4.800262 seconds.
  path: Assets/Prefabs/UI Canvas.prefab
  artifactKey: Guid(e202ddef528b9e74a91e46c95794935b) Importer(815301076,1909f56bfc062723c751e8b465ee728b)
Start importing Assets/Prefabs/UI Canvas.prefab using Guid(e202ddef528b9e74a91e46c95794935b) Importer(815301076,1909f56bfc062723c751e8b465ee728b)  -> (artifact id: '31146baab777bd60491ec3ab11a4842b') in 0.031586 seconds 
========================================================================
Received Import Request.
  Time since last request: 18.016694 seconds.
  path: Assets/Prefabs/UI Canvas.prefab
  artifactKey: Guid(e202ddef528b9e74a91e46c95794935b) Importer(815301076,1909f56bfc062723c751e8b465ee728b)
Start importing Assets/Prefabs/UI Canvas.prefab using Guid(e202ddef528b9e74a91e46c95794935b) Importer(815301076,1909f56bfc062723c751e8b465ee728b)  -> (artifact id: 'dabc4287d5c9607ef606f56d97a5406b') in 0.027164 seconds 
========================================================================
Received Import Request.
  Time since last request: 34.534781 seconds.
  path: Assets/Prefabs/UI Canvas.prefab
  artifactKey: Guid(e202ddef528b9e74a91e46c95794935b) Importer(815301076,1909f56bfc062723c751e8b465ee728b)
Start importing Assets/Prefabs/UI Canvas.prefab using Guid(e202ddef528b9e74a91e46c95794935b) Importer(815301076,1909f56bfc062723c751e8b465ee728b)  -> (artifact id: 'b7096ff90773bfa483a951983f89c582') in 0.031250 seconds 
========================================================================
Received Import Request.
  Time since last request: 7.618950 seconds.
  path: Assets/Prefabs/UI Canvas.prefab
  artifactKey: Guid(e202ddef528b9e74a91e46c95794935b) Importer(815301076,1909f56bfc062723c751e8b465ee728b)
Start importing Assets/Prefabs/UI Canvas.prefab using Guid(e202ddef528b9e74a91e46c95794935b) Importer(815301076,1909f56bfc062723c751e8b465ee728b)  -> (artifact id: 'd47627852e344b5a39791b593e49b250') in 0.032324 seconds 
========================================================================
Received Import Request.
  Time since last request: 8.530267 seconds.
  path: Assets/Prefabs/UI Canvas.prefab
  artifactKey: Guid(e202ddef528b9e74a91e46c95794935b) Importer(815301076,1909f56bfc062723c751e8b465ee728b)
Start importing Assets/Prefabs/UI Canvas.prefab using Guid(e202ddef528b9e74a91e46c95794935b) Importer(815301076,1909f56bfc062723c751e8b465ee728b)  -> (artifact id: '1597693cd905eb4aa98ede729899c1aa') in 0.027536 seconds 
========================================================================
Received Import Request.
  Time since last request: 21.175921 seconds.
  path: Assets/Prefabs/UI Canvas.prefab
  artifactKey: Guid(e202ddef528b9e74a91e46c95794935b) Importer(815301076,1909f56bfc062723c751e8b465ee728b)
Start importing Assets/Prefabs/UI Canvas.prefab using Guid(e202ddef528b9e74a91e46c95794935b) Importer(815301076,1909f56bfc062723c751e8b465ee728b)  -> (artifact id: '34df31dce01619afe028775ba51c3d17') in 0.036479 seconds 
========================================================================
Received Import Request.
  Time since last request: 13.816439 seconds.
  path: Assets/Prefabs/UI Canvas.prefab
  artifactKey: Guid(e202ddef528b9e74a91e46c95794935b) Importer(815301076,1909f56bfc062723c751e8b465ee728b)
Start importing Assets/Prefabs/UI Canvas.prefab using Guid(e202ddef528b9e74a91e46c95794935b) Importer(815301076,1909f56bfc062723c751e8b465ee728b)  -> (artifact id: 'fecd932ba013d970a9e8f4c78a98436b') in 0.030538 seconds 
========================================================================
Received Import Request.
  Time since last request: 6.095264 seconds.
  path: Assets/Prefabs/UI Canvas.prefab
  artifactKey: Guid(e202ddef528b9e74a91e46c95794935b) Importer(815301076,1909f56bfc062723c751e8b465ee728b)
Start importing Assets/Prefabs/UI Canvas.prefab using Guid(e202ddef528b9e74a91e46c95794935b) Importer(815301076,1909f56bfc062723c751e8b465ee728b)  -> (artifact id: '3f83c1926d9cf4b1dd149966a6dd98c9') in 0.305963 seconds 
========================================================================
Received Import Request.
  Time since last request: 23.680263 seconds.
  path: Assets/Prefabs/UI Canvas.prefab
  artifactKey: Guid(e202ddef528b9e74a91e46c95794935b) Importer(815301076,1909f56bfc062723c751e8b465ee728b)
Start importing Assets/Prefabs/UI Canvas.prefab using Guid(e202ddef528b9e74a91e46c95794935b) Importer(815301076,1909f56bfc062723c751e8b465ee728b)  -> (artifact id: '9bc274a7946e9d2c5422e10786a2b065') in 0.023725 seconds 
========================================================================
Received Import Request.
  Time since last request: 10.978126 seconds.
  path: Assets/Prefabs/UI Canvas.prefab
  artifactKey: Guid(e202ddef528b9e74a91e46c95794935b) Importer(815301076,1909f56bfc062723c751e8b465ee728b)
Start importing Assets/Prefabs/UI Canvas.prefab using Guid(e202ddef528b9e74a91e46c95794935b) Importer(815301076,1909f56bfc062723c751e8b465ee728b)  -> (artifact id: '742988087a32e1f1a7f365e4a9658269') in 0.031661 seconds 
========================================================================
Received Import Request.
  Time since last request: 3.514880 seconds.
  path: Assets/Prefabs/UI Canvas.prefab
  artifactKey: Guid(e202ddef528b9e74a91e46c95794935b) Importer(815301076,1909f56bfc062723c751e8b465ee728b)
Start importing Assets/Prefabs/UI Canvas.prefab using Guid(e202ddef528b9e74a91e46c95794935b) Importer(815301076,1909f56bfc062723c751e8b465ee728b)  -> (artifact id: '9756d68586531d59d9b540adc637a75f') in 0.029712 seconds 
========================================================================
Received Import Request.
  Time since last request: 3.471893 seconds.
  path: Assets/Prefabs/UI Canvas.prefab
  artifactKey: Guid(e202ddef528b9e74a91e46c95794935b) Importer(815301076,1909f56bfc062723c751e8b465ee728b)
Start importing Assets/Prefabs/UI Canvas.prefab using Guid(e202ddef528b9e74a91e46c95794935b) Importer(815301076,1909f56bfc062723c751e8b465ee728b)  -> (artifact id: 'f5e6f4c9d2f9213171ab7da40fb4ab21') in 0.034379 seconds 
========================================================================
Received Import Request.
  Time since last request: 7.116816 seconds.
  path: Assets/Prefabs/UI Canvas.prefab
  artifactKey: Guid(e202ddef528b9e74a91e46c95794935b) Importer(815301076,1909f56bfc062723c751e8b465ee728b)
Start importing Assets/Prefabs/UI Canvas.prefab using Guid(e202ddef528b9e74a91e46c95794935b) Importer(815301076,1909f56bfc062723c751e8b465ee728b)  -> (artifact id: '14992e45cfeecd77b7359c1b63a0abc6') in 0.033624 seconds 
========================================================================
Received Import Request.
  Time since last request: 12.732573 seconds.
  path: Assets/Prefabs/UI Canvas.prefab
  artifactKey: Guid(e202ddef528b9e74a91e46c95794935b) Importer(815301076,1909f56bfc062723c751e8b465ee728b)
Start importing Assets/Prefabs/UI Canvas.prefab using Guid(e202ddef528b9e74a91e46c95794935b) Importer(815301076,1909f56bfc062723c751e8b465ee728b)  -> (artifact id: '26f8c1fd399bb8f52439aa75ebd66018') in 0.026536 seconds 
========================================================================
Received Import Request.
  Time since last request: 3.829684 seconds.
  path: Assets/Prefabs/UI Canvas.prefab
  artifactKey: Guid(e202ddef528b9e74a91e46c95794935b) Importer(815301076,1909f56bfc062723c751e8b465ee728b)
Start importing Assets/Prefabs/UI Canvas.prefab using Guid(e202ddef528b9e74a91e46c95794935b) Importer(815301076,1909f56bfc062723c751e8b465ee728b)  -> (artifact id: '6d2845ede1fa07e5960d9909b031dc96') in 0.026859 seconds 
========================================================================
Received Import Request.
  Time since last request: 11.985167 seconds.
  path: Assets/Prefabs/UI Canvas.prefab
  artifactKey: Guid(e202ddef528b9e74a91e46c95794935b) Importer(815301076,1909f56bfc062723c751e8b465ee728b)
Start importing Assets/Prefabs/UI Canvas.prefab using Guid(e202ddef528b9e74a91e46c95794935b) Importer(815301076,1909f56bfc062723c751e8b465ee728b)  -> (artifact id: '50fe60dcd3404cdba29394bbecf226c5') in 0.035228 seconds 
========================================================================
Received Import Request.
  Time since last request: 9.321025 seconds.
  path: Assets/Prefabs/UI Canvas.prefab
  artifactKey: Guid(e202ddef528b9e74a91e46c95794935b) Importer(815301076,1909f56bfc062723c751e8b465ee728b)
Start importing Assets/Prefabs/UI Canvas.prefab using Guid(e202ddef528b9e74a91e46c95794935b) Importer(815301076,1909f56bfc062723c751e8b465ee728b)  -> (artifact id: '40a38a9294544ddda7836260defd8344') in 0.029505 seconds 
========================================================================
Received Import Request.
  Time since last request: 3.881488 seconds.
  path: Assets/Prefabs/UI Canvas.prefab
  artifactKey: Guid(e202ddef528b9e74a91e46c95794935b) Importer(815301076,1909f56bfc062723c751e8b465ee728b)
Start importing Assets/Prefabs/UI Canvas.prefab using Guid(e202ddef528b9e74a91e46c95794935b) Importer(815301076,1909f56bfc062723c751e8b465ee728b)  -> (artifact id: '8c696f1e84242f9c4205245bc8c2fafc') in 0.031203 seconds 
========================================================================
Received Import Request.
  Time since last request: 7.922577 seconds.
  path: Assets/Prefabs/UI Canvas.prefab
  artifactKey: Guid(e202ddef528b9e74a91e46c95794935b) Importer(815301076,1909f56bfc062723c751e8b465ee728b)
Start importing Assets/Prefabs/UI Canvas.prefab using Guid(e202ddef528b9e74a91e46c95794935b) Importer(815301076,1909f56bfc062723c751e8b465ee728b)  -> (artifact id: 'dfd299ab5c7599a7c186279a8a5a90fe') in 0.030781 seconds 
========================================================================
Received Import Request.
  Time since last request: 16.724392 seconds.
  path: Assets/Prefabs/UI Canvas.prefab
  artifactKey: Guid(e202ddef528b9e74a91e46c95794935b) Importer(815301076,1909f56bfc062723c751e8b465ee728b)
Start importing Assets/Prefabs/UI Canvas.prefab using Guid(e202ddef528b9e74a91e46c95794935b) Importer(815301076,1909f56bfc062723c751e8b465ee728b)  -> (artifact id: 'bccfff8b22411c0c53c565b0588ef1e8') in 0.031800 seconds 
========================================================================
Received Import Request.
  Time since last request: 29.944838 seconds.
  path: Assets/Prefabs/UI Canvas.prefab
  artifactKey: Guid(e202ddef528b9e74a91e46c95794935b) Importer(815301076,1909f56bfc062723c751e8b465ee728b)
Start importing Assets/Prefabs/UI Canvas.prefab using Guid(e202ddef528b9e74a91e46c95794935b) Importer(815301076,1909f56bfc062723c751e8b465ee728b)  -> (artifact id: '9582239e574389a25c5e921e9a3d80ff') in 0.033290 seconds 
========================================================================
Received Import Request.
  Time since last request: 5.477278 seconds.
  path: Assets/Prefabs/UI Canvas.prefab
  artifactKey: Guid(e202ddef528b9e74a91e46c95794935b) Importer(815301076,1909f56bfc062723c751e8b465ee728b)
Start importing Assets/Prefabs/UI Canvas.prefab using Guid(e202ddef528b9e74a91e46c95794935b) Importer(815301076,1909f56bfc062723c751e8b465ee728b)  -> (artifact id: 'fae24e661f17d4edb27f97c9fe9e47df') in 0.030439 seconds 
========================================================================
Received Import Request.
  Time since last request: 6.122026 seconds.
  path: Assets/Prefabs/UI Canvas.prefab
  artifactKey: Guid(e202ddef528b9e74a91e46c95794935b) Importer(815301076,1909f56bfc062723c751e8b465ee728b)
Start importing Assets/Prefabs/UI Canvas.prefab using Guid(e202ddef528b9e74a91e46c95794935b) Importer(815301076,1909f56bfc062723c751e8b465ee728b)  -> (artifact id: 'c94210a72806b456984bd81da0f9ea1f') in 0.029274 seconds 
========================================================================
Received Prepare
Registering precompiled user dll's ...
Registered in 0.024800 seconds.
Begin MonoManager ReloadAssembly
Symbol file LoadedFromMemory doesn't match image C:\Users\srenp\Projects\Udemy RPG\Library\PackageCache\com.unity.visualscripting@1.6.1\Editor\VisualScripting.Core\Dependencies\YamlDotNet\Unity.VisualScripting.YamlDotNet.dll
Symbol file LoadedFromMemory doesn't match image C:\Users\srenp\Projects\Udemy RPG\Library\PackageCache\com.unity.visualscripting@1.6.1\Editor\VisualScripting.Core\Dependencies\DotNetZip\Unity.VisualScripting.IonicZip.dll
Native extension for WindowsStandalone target not found
Refreshing native plugins compatible for Editor in 1.57 ms, found 4 plugins.
Preloading 0 native plugins for Editor in 0.00 ms.
Mono: successfully reloaded assembly
- Completed reload, in  2.009 seconds
Domain Reload Profiling:
	ReloadAssembly (2010ms)
		BeginReloadAssembly (163ms)
			ExecutionOrderSort (0ms)
			DisableScriptedObjects (8ms)
			BackupInstance (0ms)
			ReleaseScriptingObjects (0ms)
			CreateAndSetChildDomain (48ms)
		EndReloadAssembly (1702ms)
			LoadAssemblies (164ms)
			RebuildTransferFunctionScriptingTraits (0ms)
			SetupTypeCache (708ms)
			ReleaseScriptCaches (2ms)
			RebuildScriptCaches (121ms)
			SetupLoadedEditorAssemblies (524ms)
				LogAssemblyErrors (0ms)
				InitializePlatformSupportModulesInManaged (7ms)
				SetLoadedEditorAssemblies (1ms)
				RefreshPlugins (2ms)
				BeforeProcessingInitializeOnLoad (104ms)
				ProcessInitializeOnLoadAttributes (389ms)
				ProcessInitializeOnLoadMethodAttributes (12ms)
				AfterProcessingInitializeOnLoad (9ms)
				EditorAssembliesLoaded (0ms)
			ExecutionOrderSort2 (0ms)
			AwakeInstancesAfterBackupRestoration (21ms)
Platform modules already initialized, skipping
Refreshing native plugins compatible for Editor in 1.35 ms, found 4 plugins.
Preloading 0 native plugins for Editor in 0.00 ms.
Unloading 3678 Unused Serialized files (Serialized files now loaded: 0)
System memory in use before: 142.5 MB.
System memory in use after: 142.6 MB.

Unloading 25 unused Assets to reduce memory usage. Loaded Objects now: 4177.
Total: 4.500100 ms (FindLiveObjects: 0.514400 ms CreateObjectMapping: 0.225400 ms MarkObjects: 3.534500 ms  DeleteObjects: 0.224100 ms)

AssetImportParameters requested are different than current active one (requested -> active):
  custom:framework-win-MediaFoundation: 216162199b28c13a410421893ffa2e32 -> 
  custom:video-decoder-ogg-theora: a1e56fd34408186e4bbccfd4996cb3dc -> 
  custom:container-muxer-webm: aa71ff27fc2769a1b78a27578f13a17b -> 
  custom:container-demuxer-webm: 4f35f7cbe854078d1ac9338744f61a02 -> 
  custom:container-demuxer-ogg: 62fdf1f143b41e24485cea50d1cbac27 -> 
  custom:video-encoder-webm-vp8: eb34c28f22e8b96e1ab97ce403110664 -> 
  custom:video-decoder-webm-vp8: 9c59270c3fd7afecdb556c50c9e8de78 -> 
  custom:audio-decoder-ogg-vorbis: bf7c407c2cedff20999df2af8eb42d56 -> 
  custom:audio-encoder-webm-vorbis: bf7c407c2cedff20999df2af8eb42d56 -> 
========================================================================
Received Import Request.
  Time since last request: 1110.887323 seconds.
  path: Assets/Prefabs/UI Canvas.prefab
  artifactKey: Guid(e202ddef528b9e74a91e46c95794935b) Importer(815301076,1909f56bfc062723c751e8b465ee728b)
Start importing Assets/Prefabs/UI Canvas.prefab using Guid(e202ddef528b9e74a91e46c95794935b) Importer(815301076,1909f56bfc062723c751e8b465ee728b)  -> (artifact id: '5748f89a6a87b9b4267782ab4e42488c') in 0.086425 seconds 
========================================================================
Received Import Request.
  Time since last request: 28.383356 seconds.
  path: Assets/Prefabs/UI Canvas.prefab
  artifactKey: Guid(e202ddef528b9e74a91e46c95794935b) Importer(815301076,1909f56bfc062723c751e8b465ee728b)
Start importing Assets/Prefabs/UI Canvas.prefab using Guid(e202ddef528b9e74a91e46c95794935b) Importer(815301076,1909f56bfc062723c751e8b465ee728b)  -> (artifact id: 'e8355bb3b1859f622e65c4f97a193712') in 0.032722 seconds 
========================================================================
Received Import Request.
  Time since last request: 276.920991 seconds.
  path: Assets/Prefabs/UI Canvas.prefab
  artifactKey: Guid(e202ddef528b9e74a91e46c95794935b) Importer(815301076,1909f56bfc062723c751e8b465ee728b)
Start importing Assets/Prefabs/UI Canvas.prefab using Guid(e202ddef528b9e74a91e46c95794935b) Importer(815301076,1909f56bfc062723c751e8b465ee728b)  -> (artifact id: '4a840b997690562ad9cee158d3b2552e') in 0.031445 seconds 
========================================================================
Received Prepare
Registering precompiled user dll's ...
Registered in 0.040883 seconds.
Begin MonoManager ReloadAssembly
Symbol file LoadedFromMemory doesn't match image C:\Users\srenp\Projects\Udemy RPG\Library\PackageCache\com.unity.visualscripting@1.6.1\Editor\VisualScripting.Core\Dependencies\YamlDotNet\Unity.VisualScripting.YamlDotNet.dll
Symbol file LoadedFromMemory doesn't match image C:\Users\srenp\Projects\Udemy RPG\Library\PackageCache\com.unity.visualscripting@1.6.1\Editor\VisualScripting.Core\Dependencies\DotNetZip\Unity.VisualScripting.IonicZip.dll
Native extension for WindowsStandalone target not found
Refreshing native plugins compatible for Editor in 4.87 ms, found 4 plugins.
Preloading 0 native plugins for Editor in 0.00 ms.
Mono: successfully reloaded assembly
- Completed reload, in  6.969 seconds
Domain Reload Profiling:
	ReloadAssembly (6972ms)
		BeginReloadAssembly (610ms)
			ExecutionOrderSort (0ms)
			DisableScriptedObjects (44ms)
			BackupInstance (0ms)
			ReleaseScriptingObjects (0ms)
			CreateAndSetChildDomain (200ms)
		EndReloadAssembly (6066ms)
			LoadAssemblies (519ms)
			RebuildTransferFunctionScriptingTraits (0ms)
			SetupTypeCache (2563ms)
			ReleaseScriptCaches (7ms)
			RebuildScriptCaches (203ms)
			SetupLoadedEditorAssemblies (2339ms)
				LogAssemblyErrors (0ms)
				InitializePlatformSupportModulesInManaged (22ms)
				SetLoadedEditorAssemblies (2ms)
				RefreshPlugins (5ms)
				BeforeProcessingInitializeOnLoad (927ms)
				ProcessInitializeOnLoadAttributes (1301ms)
				ProcessInitializeOnLoadMethodAttributes (40ms)
				AfterProcessingInitializeOnLoad (38ms)
				EditorAssembliesLoaded (4ms)
			ExecutionOrderSort2 (0ms)
			AwakeInstancesAfterBackupRestoration (83ms)
Platform modules already initialized, skipping
Refreshing native plugins compatible for Editor in 2.63 ms, found 4 plugins.
Preloading 0 native plugins for Editor in 0.00 ms.
Unloading 3678 Unused Serialized files (Serialized files now loaded: 0)
System memory in use before: 142.5 MB.
System memory in use after: 142.6 MB.

Unloading 25 unused Assets to reduce memory usage. Loaded Objects now: 4181.
Total: 10.984500 ms (FindLiveObjects: 1.812000 ms CreateObjectMapping: 1.310800 ms MarkObjects: 7.263400 ms  DeleteObjects: 0.592400 ms)

AssetImportParameters requested are different than current active one (requested -> active):
  custom:framework-win-MediaFoundation: 216162199b28c13a410421893ffa2e32 -> 
  custom:video-decoder-ogg-theora: a1e56fd34408186e4bbccfd4996cb3dc -> 
  custom:container-muxer-webm: aa71ff27fc2769a1b78a27578f13a17b -> 
  custom:container-demuxer-webm: 4f35f7cbe854078d1ac9338744f61a02 -> 
  custom:container-demuxer-ogg: 62fdf1f143b41e24485cea50d1cbac27 -> 
  custom:video-encoder-webm-vp8: eb34c28f22e8b96e1ab97ce403110664 -> 
  custom:video-decoder-webm-vp8: 9c59270c3fd7afecdb556c50c9e8de78 -> 
  custom:audio-decoder-ogg-vorbis: bf7c407c2cedff20999df2af8eb42d56 -> 
  custom:audio-encoder-webm-vorbis: bf7c407c2cedff20999df2af8eb42d56 -> 
========================================================================
Received Import Request.
  Time since last request: 625.649254 seconds.
  path: Assets/Scenes/Shop.unity
  artifactKey: Guid(856eab2ca1209a6489a77ac06c3905b8) Importer(815301076,1909f56bfc062723c751e8b465ee728b)
Start importing Assets/Scenes/Shop.unity using Guid(856eab2ca1209a6489a77ac06c3905b8) Importer(815301076,1909f56bfc062723c751e8b465ee728b)  -> (artifact id: '5daf6f9145d4a6b1645d342cf51e7c5c') in 0.026480 seconds 
========================================================================
Received Prepare
Registering precompiled user dll's ...
Registered in 0.032458 seconds.
Begin MonoManager ReloadAssembly
Symbol file LoadedFromMemory doesn't match image C:\Users\srenp\Projects\Udemy RPG\Library\PackageCache\com.unity.visualscripting@1.6.1\Editor\VisualScripting.Core\Dependencies\YamlDotNet\Unity.VisualScripting.YamlDotNet.dll
Symbol file LoadedFromMemory doesn't match image C:\Users\srenp\Projects\Udemy RPG\Library\PackageCache\com.unity.visualscripting@1.6.1\Editor\VisualScripting.Core\Dependencies\DotNetZip\Unity.VisualScripting.IonicZip.dll
Native extension for WindowsStandalone target not found
Refreshing native plugins compatible for Editor in 1.08 ms, found 4 plugins.
Preloading 0 native plugins for Editor in 0.00 ms.
Mono: successfully reloaded assembly
- Completed reload, in  1.902 seconds
Domain Reload Profiling:
	ReloadAssembly (1904ms)
		BeginReloadAssembly (198ms)
			ExecutionOrderSort (0ms)
			DisableScriptedObjects (14ms)
			BackupInstance (0ms)
			ReleaseScriptingObjects (0ms)
			CreateAndSetChildDomain (66ms)
		EndReloadAssembly (1588ms)
			LoadAssemblies (163ms)
			RebuildTransferFunctionScriptingTraits (0ms)
			SetupTypeCache (849ms)
			ReleaseScriptCaches (1ms)
			RebuildScriptCaches (54ms)
			SetupLoadedEditorAssemblies (390ms)
				LogAssemblyErrors (0ms)
				InitializePlatformSupportModulesInManaged (6ms)
				SetLoadedEditorAssemblies (0ms)
				RefreshPlugins (1ms)
				BeforeProcessingInitializeOnLoad (83ms)
				ProcessInitializeOnLoadAttributes (281ms)
				ProcessInitializeOnLoadMethodAttributes (10ms)
				AfterProcessingInitializeOnLoad (9ms)
				EditorAssembliesLoaded (0ms)
			ExecutionOrderSort2 (0ms)
			AwakeInstancesAfterBackupRestoration (16ms)
Platform modules already initialized, skipping
Refreshing native plugins compatible for Editor in 1.37 ms, found 4 plugins.
Preloading 0 native plugins for Editor in 0.00 ms.
Unloading 3678 Unused Serialized files (Serialized files now loaded: 0)
System memory in use before: 142.5 MB.
System memory in use after: 142.6 MB.

Unloading 25 unused Assets to reduce memory usage. Loaded Objects now: 4185.
Total: 3.451600 ms (FindLiveObjects: 0.325700 ms CreateObjectMapping: 0.210000 ms MarkObjects: 2.804300 ms  DeleteObjects: 0.110300 ms)

AssetImportParameters requested are different than current active one (requested -> active):
  custom:framework-win-MediaFoundation: 216162199b28c13a410421893ffa2e32 -> 
  custom:video-decoder-ogg-theora: a1e56fd34408186e4bbccfd4996cb3dc -> 
  custom:container-muxer-webm: aa71ff27fc2769a1b78a27578f13a17b -> 
  custom:container-demuxer-webm: 4f35f7cbe854078d1ac9338744f61a02 -> 
  custom:container-demuxer-ogg: 62fdf1f143b41e24485cea50d1cbac27 -> 
  custom:video-encoder-webm-vp8: eb34c28f22e8b96e1ab97ce403110664 -> 
  custom:video-decoder-webm-vp8: 9c59270c3fd7afecdb556c50c9e8de78 -> 
  custom:audio-decoder-ogg-vorbis: bf7c407c2cedff20999df2af8eb42d56 -> 
  custom:audio-encoder-webm-vorbis: bf7c407c2cedff20999df2af8eb42d56 -> 
========================================================================
Received Import Request.
  Time since last request: 671.983953 seconds.
  path: Assets/Prefabs/GameManager.prefab
  artifactKey: Guid(b98d6536ecf5fa443b921d7ebd4a52cb) Importer(815301076,1909f56bfc062723c751e8b465ee728b)
Start importing Assets/Prefabs/GameManager.prefab using Guid(b98d6536ecf5fa443b921d7ebd4a52cb) Importer(815301076,1909f56bfc062723c751e8b465ee728b)  -> (artifact id: 'b19937ab88a9c8f427e7b1a491790693') in 0.043102 seconds 
========================================================================
Received Import Request.
  Time since last request: 1971.522183 seconds.
  path: Assets/Scripts/Shop.cs
  artifactKey: Guid(5f277d329c05873429dc3fdaa86890ba) Importer(815301076,1909f56bfc062723c751e8b465ee728b)
Start importing Assets/Scripts/Shop.cs using Guid(5f277d329c05873429dc3fdaa86890ba) Importer(815301076,1909f56bfc062723c751e8b465ee728b)  -> (artifact id: 'c04ffd73266d4d8945df3bfb7f97c842') in 0.005447 seconds 
========================================================================
Received Prepare
Registering precompiled user dll's ...
Registered in 0.014863 seconds.
Begin MonoManager ReloadAssembly
Symbol file LoadedFromMemory doesn't match image C:\Users\srenp\Projects\Udemy RPG\Library\PackageCache\com.unity.visualscripting@1.6.1\Editor\VisualScripting.Core\Dependencies\YamlDotNet\Unity.VisualScripting.YamlDotNet.dll
Symbol file LoadedFromMemory doesn't match image C:\Users\srenp\Projects\Udemy RPG\Library\PackageCache\com.unity.visualscripting@1.6.1\Editor\VisualScripting.Core\Dependencies\DotNetZip\Unity.VisualScripting.IonicZip.dll
Native extension for WindowsStandalone target not found
Refreshing native plugins compatible for Editor in 1.07 ms, found 4 plugins.
Preloading 0 native plugins for Editor in 0.00 ms.
Mono: successfully reloaded assembly
- Completed reload, in  1.551 seconds
Domain Reload Profiling:
	ReloadAssembly (1551ms)
		BeginReloadAssembly (188ms)
			ExecutionOrderSort (0ms)
			DisableScriptedObjects (10ms)
			BackupInstance (0ms)
			ReleaseScriptingObjects (0ms)
			CreateAndSetChildDomain (55ms)
		EndReloadAssembly (1244ms)
			LoadAssemblies (155ms)
			RebuildTransferFunctionScriptingTraits (0ms)
			SetupTypeCache (510ms)
			ReleaseScriptCaches (2ms)
			RebuildScriptCaches (54ms)
			SetupLoadedEditorAssemblies (406ms)
				LogAssemblyErrors (0ms)
				InitializePlatformSupportModulesInManaged (6ms)
				SetLoadedEditorAssemblies (0ms)
				RefreshPlugins (1ms)
				BeforeProcessingInitializeOnLoad (92ms)
				ProcessInitializeOnLoadAttributes (287ms)
				ProcessInitializeOnLoadMethodAttributes (10ms)
				AfterProcessingInitializeOnLoad (9ms)
				EditorAssembliesLoaded (0ms)
			ExecutionOrderSort2 (0ms)
			AwakeInstancesAfterBackupRestoration (17ms)
Platform modules already initialized, skipping
Refreshing native plugins compatible for Editor in 1.15 ms, found 4 plugins.
Preloading 0 native plugins for Editor in 0.00 ms.
Unloading 3679 Unused Serialized files (Serialized files now loaded: 0)
System memory in use before: 142.5 MB.
System memory in use after: 142.7 MB.

Unloading 25 unused Assets to reduce memory usage. Loaded Objects now: 4190.
Total: 5.091200 ms (FindLiveObjects: 0.832100 ms CreateObjectMapping: 0.687100 ms MarkObjects: 3.405300 ms  DeleteObjects: 0.165300 ms)

AssetImportParameters requested are different than current active one (requested -> active):
  custom:framework-win-MediaFoundation: 216162199b28c13a410421893ffa2e32 -> 
  custom:video-decoder-ogg-theora: a1e56fd34408186e4bbccfd4996cb3dc -> 
  custom:container-muxer-webm: aa71ff27fc2769a1b78a27578f13a17b -> 
  custom:container-demuxer-webm: 4f35f7cbe854078d1ac9338744f61a02 -> 
  custom:container-demuxer-ogg: 62fdf1f143b41e24485cea50d1cbac27 -> 
  custom:video-encoder-webm-vp8: eb34c28f22e8b96e1ab97ce403110664 -> 
  custom:video-decoder-webm-vp8: 9c59270c3fd7afecdb556c50c9e8de78 -> 
  custom:audio-decoder-ogg-vorbis: bf7c407c2cedff20999df2af8eb42d56 -> 
  custom:audio-encoder-webm-vorbis: bf7c407c2cedff20999df2af8eb42d56 -> 
========================================================================
Received Prepare
Registering precompiled user dll's ...
Registered in 0.011872 seconds.
Begin MonoManager ReloadAssembly
Symbol file LoadedFromMemory doesn't match image C:\Users\srenp\Projects\Udemy RPG\Library\PackageCache\com.unity.visualscripting@1.6.1\Editor\VisualScripting.Core\Dependencies\YamlDotNet\Unity.VisualScripting.YamlDotNet.dll
Symbol file LoadedFromMemory doesn't match image C:\Users\srenp\Projects\Udemy RPG\Library\PackageCache\com.unity.visualscripting@1.6.1\Editor\VisualScripting.Core\Dependencies\DotNetZip\Unity.VisualScripting.IonicZip.dll
Native extension for WindowsStandalone target not found
Refreshing native plugins compatible for Editor in 1.00 ms, found 4 plugins.
Preloading 0 native plugins for Editor in 0.00 ms.
Mono: successfully reloaded assembly
- Completed reload, in  2.196 seconds
Domain Reload Profiling:
	ReloadAssembly (2197ms)
		BeginReloadAssembly (168ms)
			ExecutionOrderSort (0ms)
			DisableScriptedObjects (9ms)
			BackupInstance (0ms)
			ReleaseScriptingObjects (0ms)
			CreateAndSetChildDomain (50ms)
		EndReloadAssembly (1947ms)
			LoadAssemblies (149ms)
			RebuildTransferFunctionScriptingTraits (0ms)
			SetupTypeCache (559ms)
			ReleaseScriptCaches (2ms)
			RebuildScriptCaches (93ms)
			SetupLoadedEditorAssemblies (517ms)
				LogAssemblyErrors (0ms)
				InitializePlatformSupportModulesInManaged (6ms)
				SetLoadedEditorAssemblies (1ms)
				RefreshPlugins (1ms)
				BeforeProcessingInitializeOnLoad (106ms)
				ProcessInitializeOnLoadAttributes (379ms)
				ProcessInitializeOnLoadMethodAttributes (12ms)
				AfterProcessingInitializeOnLoad (11ms)
				EditorAssembliesLoaded (0ms)
			ExecutionOrderSort2 (0ms)
			AwakeInstancesAfterBackupRestoration (30ms)
Platform modules already initialized, skipping
Refreshing native plugins compatible for Editor in 1.18 ms, found 4 plugins.
Preloading 0 native plugins for Editor in 0.00 ms.
Unloading 3679 Unused Serialized files (Serialized files now loaded: 0)
System memory in use before: 142.6 MB.
System memory in use after: 142.7 MB.

Unloading 25 unused Assets to reduce memory usage. Loaded Objects now: 4194.
Total: 4.278000 ms (FindLiveObjects: 0.404300 ms CreateObjectMapping: 0.187700 ms MarkObjects: 3.449300 ms  DeleteObjects: 0.235200 ms)

AssetImportParameters requested are different than current active one (requested -> active):
  custom:framework-win-MediaFoundation: 216162199b28c13a410421893ffa2e32 -> 
  custom:video-decoder-ogg-theora: a1e56fd34408186e4bbccfd4996cb3dc -> 
  custom:container-muxer-webm: aa71ff27fc2769a1b78a27578f13a17b -> 
  custom:container-demuxer-webm: 4f35f7cbe854078d1ac9338744f61a02 -> 
  custom:container-demuxer-ogg: 62fdf1f143b41e24485cea50d1cbac27 -> 
  custom:video-encoder-webm-vp8: eb34c28f22e8b96e1ab97ce403110664 -> 
  custom:video-decoder-webm-vp8: 9c59270c3fd7afecdb556c50c9e8de78 -> 
  custom:audio-decoder-ogg-vorbis: bf7c407c2cedff20999df2af8eb42d56 -> 
  custom:audio-encoder-webm-vorbis: bf7c407c2cedff20999df2af8eb42d56 -> 
========================================================================
Received Prepare
Registering precompiled user dll's ...
Registered in 0.009139 seconds.
Begin MonoManager ReloadAssembly
Symbol file LoadedFromMemory doesn't match image C:\Users\srenp\Projects\Udemy RPG\Library\PackageCache\com.unity.visualscripting@1.6.1\Editor\VisualScripting.Core\Dependencies\YamlDotNet\Unity.VisualScripting.YamlDotNet.dll
Symbol file LoadedFromMemory doesn't match image C:\Users\srenp\Projects\Udemy RPG\Library\PackageCache\com.unity.visualscripting@1.6.1\Editor\VisualScripting.Core\Dependencies\DotNetZip\Unity.VisualScripting.IonicZip.dll
Native extension for WindowsStandalone target not found
Refreshing native plugins compatible for Editor in 0.95 ms, found 4 plugins.
Preloading 0 native plugins for Editor in 0.00 ms.
Mono: successfully reloaded assembly
- Completed reload, in  1.993 seconds
Domain Reload Profiling:
	ReloadAssembly (1993ms)
		BeginReloadAssembly (150ms)
			ExecutionOrderSort (0ms)
			DisableScriptedObjects (9ms)
			BackupInstance (0ms)
			ReleaseScriptingObjects (0ms)
			CreateAndSetChildDomain (47ms)
		EndReloadAssembly (1394ms)
			LoadAssemblies (130ms)
			RebuildTransferFunctionScriptingTraits (0ms)
			SetupTypeCache (553ms)
			ReleaseScriptCaches (1ms)
			RebuildScriptCaches (54ms)
			SetupLoadedEditorAssemblies (478ms)
				LogAssemblyErrors (0ms)
				InitializePlatformSupportModulesInManaged (6ms)
				SetLoadedEditorAssemblies (0ms)
				RefreshPlugins (1ms)
				BeforeProcessingInitializeOnLoad (93ms)
				ProcessInitializeOnLoadAttributes (345ms)
				ProcessInitializeOnLoadMethodAttributes (17ms)
				AfterProcessingInitializeOnLoad (14ms)
				EditorAssembliesLoaded (0ms)
			ExecutionOrderSort2 (0ms)
			AwakeInstancesAfterBackupRestoration (32ms)
Platform modules already initialized, skipping
Refreshing native plugins compatible for Editor in 1.05 ms, found 4 plugins.
Preloading 0 native plugins for Editor in 0.00 ms.
Unloading 3679 Unused Serialized files (Serialized files now loaded: 0)
System memory in use before: 142.7 MB.
System memory in use after: 142.8 MB.

Unloading 25 unused Assets to reduce memory usage. Loaded Objects now: 4198.
Total: 3.848100 ms (FindLiveObjects: 0.406600 ms CreateObjectMapping: 0.184400 ms MarkObjects: 3.129000 ms  DeleteObjects: 0.127000 ms)

AssetImportParameters requested are different than current active one (requested -> active):
  custom:framework-win-MediaFoundation: 216162199b28c13a410421893ffa2e32 -> 
  custom:video-decoder-ogg-theora: a1e56fd34408186e4bbccfd4996cb3dc -> 
  custom:container-muxer-webm: aa71ff27fc2769a1b78a27578f13a17b -> 
  custom:container-demuxer-webm: 4f35f7cbe854078d1ac9338744f61a02 -> 
  custom:container-demuxer-ogg: 62fdf1f143b41e24485cea50d1cbac27 -> 
  custom:video-encoder-webm-vp8: eb34c28f22e8b96e1ab97ce403110664 -> 
  custom:video-decoder-webm-vp8: 9c59270c3fd7afecdb556c50c9e8de78 -> 
  custom:audio-decoder-ogg-vorbis: bf7c407c2cedff20999df2af8eb42d56 -> 
  custom:audio-encoder-webm-vorbis: bf7c407c2cedff20999df2af8eb42d56 -> 
========================================================================
Received Import Request.
  Time since last request: 589.819466 seconds.
  path: Assets/Scripts/Shop.cs
  artifactKey: Guid(5f277d329c05873429dc3fdaa86890ba) Importer(815301076,1909f56bfc062723c751e8b465ee728b)
Start importing Assets/Scripts/Shop.cs using Guid(5f277d329c05873429dc3fdaa86890ba) Importer(815301076,1909f56bfc062723c751e8b465ee728b)  -> (artifact id: '7b320dae801f63607a90bc5ded965b27') in 0.006600 seconds 
========================================================================
Received Prepare
Registering precompiled user dll's ...
Registered in 0.010195 seconds.
Begin MonoManager ReloadAssembly
Symbol file LoadedFromMemory doesn't match image C:\Users\srenp\Projects\Udemy RPG\Library\PackageCache\com.unity.visualscripting@1.6.1\Editor\VisualScripting.Core\Dependencies\YamlDotNet\Unity.VisualScripting.YamlDotNet.dll
Symbol file LoadedFromMemory doesn't match image C:\Users\srenp\Projects\Udemy RPG\Library\PackageCache\com.unity.visualscripting@1.6.1\Editor\VisualScripting.Core\Dependencies\DotNetZip\Unity.VisualScripting.IonicZip.dll
Native extension for WindowsStandalone target not found
Refreshing native plugins compatible for Editor in 1.19 ms, found 4 plugins.
Preloading 0 native plugins for Editor in 0.00 ms.
Mono: successfully reloaded assembly
- Completed reload, in  1.671 seconds
Domain Reload Profiling:
	ReloadAssembly (1671ms)
		BeginReloadAssembly (451ms)
			ExecutionOrderSort (0ms)
			DisableScriptedObjects (8ms)
			BackupInstance (0ms)
			ReleaseScriptingObjects (0ms)
			CreateAndSetChildDomain (341ms)
		EndReloadAssembly (1140ms)
			LoadAssemblies (123ms)
			RebuildTransferFunctionScriptingTraits (0ms)
			SetupTypeCache (433ms)
			ReleaseScriptCaches (1ms)
			RebuildScriptCaches (56ms)
			SetupLoadedEditorAssemblies (384ms)
				LogAssemblyErrors (0ms)
				InitializePlatformSupportModulesInManaged (5ms)
				SetLoadedEditorAssemblies (0ms)
				RefreshPlugins (1ms)
				BeforeProcessingInitializeOnLoad (83ms)
				ProcessInitializeOnLoadAttributes (274ms)
				ProcessInitializeOnLoadMethodAttributes (10ms)
				AfterProcessingInitializeOnLoad (10ms)
				EditorAssembliesLoaded (0ms)
			ExecutionOrderSort2 (0ms)
			AwakeInstancesAfterBackupRestoration (16ms)
Platform modules already initialized, skipping
Refreshing native plugins compatible for Editor in 1.09 ms, found 4 plugins.
Preloading 0 native plugins for Editor in 0.00 ms.
Unloading 3679 Unused Serialized files (Serialized files now loaded: 0)
System memory in use before: 142.7 MB.
System memory in use after: 142.8 MB.

Unloading 25 unused Assets to reduce memory usage. Loaded Objects now: 4202.
Total: 4.111300 ms (FindLiveObjects: 0.387500 ms CreateObjectMapping: 0.170700 ms MarkObjects: 3.386200 ms  DeleteObjects: 0.165800 ms)

AssetImportParameters requested are different than current active one (requested -> active):
  custom:framework-win-MediaFoundation: 216162199b28c13a410421893ffa2e32 -> 
  custom:video-decoder-ogg-theora: a1e56fd34408186e4bbccfd4996cb3dc -> 
  custom:container-muxer-webm: aa71ff27fc2769a1b78a27578f13a17b -> 
  custom:container-demuxer-webm: 4f35f7cbe854078d1ac9338744f61a02 -> 
  custom:container-demuxer-ogg: 62fdf1f143b41e24485cea50d1cbac27 -> 
  custom:video-encoder-webm-vp8: eb34c28f22e8b96e1ab97ce403110664 -> 
  custom:video-decoder-webm-vp8: 9c59270c3fd7afecdb556c50c9e8de78 -> 
  custom:audio-decoder-ogg-vorbis: bf7c407c2cedff20999df2af8eb42d56 -> 
  custom:audio-encoder-webm-vorbis: bf7c407c2cedff20999df2af8eb42d56 -> 
========================================================================
Received Prepare
Registering precompiled user dll's ...
Registered in 0.008886 seconds.
Begin MonoManager ReloadAssembly
Symbol file LoadedFromMemory doesn't match image C:\Users\srenp\Projects\Udemy RPG\Library\PackageCache\com.unity.visualscripting@1.6.1\Editor\VisualScripting.Core\Dependencies\YamlDotNet\Unity.VisualScripting.YamlDotNet.dll
Symbol file LoadedFromMemory doesn't match image C:\Users\srenp\Projects\Udemy RPG\Library\PackageCache\com.unity.visualscripting@1.6.1\Editor\VisualScripting.Core\Dependencies\DotNetZip\Unity.VisualScripting.IonicZip.dll
Native extension for WindowsStandalone target not found
Refreshing native plugins compatible for Editor in 1.01 ms, found 4 plugins.
Preloading 0 native plugins for Editor in 0.00 ms.
Mono: successfully reloaded assembly
- Completed reload, in  1.639 seconds
Domain Reload Profiling:
	ReloadAssembly (1639ms)
		BeginReloadAssembly (140ms)
			ExecutionOrderSort (0ms)
			DisableScriptedObjects (8ms)
			BackupInstance (0ms)
			ReleaseScriptingObjects (0ms)
			CreateAndSetChildDomain (45ms)
		EndReloadAssembly (1424ms)
			LoadAssemblies (110ms)
			RebuildTransferFunctionScriptingTraits (0ms)
			SetupTypeCache (740ms)
			ReleaseScriptCaches (2ms)
			RebuildScriptCaches (52ms)
			SetupLoadedEditorAssemblies (381ms)
				LogAssemblyErrors (0ms)
				InitializePlatformSupportModulesInManaged (7ms)
				SetLoadedEditorAssemblies (0ms)
				RefreshPlugins (1ms)
				BeforeProcessingInitializeOnLoad (81ms)
				ProcessInitializeOnLoadAttributes (272ms)
				ProcessInitializeOnLoadMethodAttributes (10ms)
				AfterProcessingInitializeOnLoad (9ms)
				EditorAssembliesLoaded (0ms)
			ExecutionOrderSort2 (0ms)
			AwakeInstancesAfterBackupRestoration (16ms)
Platform modules already initialized, skipping
Refreshing native plugins compatible for Editor in 1.73 ms, found 4 plugins.
Preloading 0 native plugins for Editor in 0.00 ms.
Unloading 3679 Unused Serialized files (Serialized files now loaded: 0)
System memory in use before: 142.7 MB.
System memory in use after: 142.8 MB.

Unloading 25 unused Assets to reduce memory usage. Loaded Objects now: 4206.
Total: 4.130500 ms (FindLiveObjects: 0.372700 ms CreateObjectMapping: 0.270800 ms MarkObjects: 3.305600 ms  DeleteObjects: 0.180000 ms)

AssetImportParameters requested are different than current active one (requested -> active):
  custom:framework-win-MediaFoundation: 216162199b28c13a410421893ffa2e32 -> 
  custom:video-decoder-ogg-theora: a1e56fd34408186e4bbccfd4996cb3dc -> 
  custom:container-muxer-webm: aa71ff27fc2769a1b78a27578f13a17b -> 
  custom:container-demuxer-webm: 4f35f7cbe854078d1ac9338744f61a02 -> 
  custom:container-demuxer-ogg: 62fdf1f143b41e24485cea50d1cbac27 -> 
  custom:video-encoder-webm-vp8: eb34c28f22e8b96e1ab97ce403110664 -> 
  custom:video-decoder-webm-vp8: 9c59270c3fd7afecdb556c50c9e8de78 -> 
  custom:audio-decoder-ogg-vorbis: bf7c407c2cedff20999df2af8eb42d56 -> 
  custom:audio-encoder-webm-vorbis: bf7c407c2cedff20999df2af8eb42d56 -> 
========================================================================
Received Prepare
Registering precompiled user dll's ...
Registered in 0.010211 seconds.
Begin MonoManager ReloadAssembly
Symbol file LoadedFromMemory doesn't match image C:\Users\srenp\Projects\Udemy RPG\Library\PackageCache\com.unity.visualscripting@1.6.1\Editor\VisualScripting.Core\Dependencies\YamlDotNet\Unity.VisualScripting.YamlDotNet.dll
Symbol file LoadedFromMemory doesn't match image C:\Users\srenp\Projects\Udemy RPG\Library\PackageCache\com.unity.visualscripting@1.6.1\Editor\VisualScripting.Core\Dependencies\DotNetZip\Unity.VisualScripting.IonicZip.dll
Native extension for WindowsStandalone target not found
Refreshing native plugins compatible for Editor in 1.77 ms, found 4 plugins.
Preloading 0 native plugins for Editor in 0.00 ms.
Mono: successfully reloaded assembly
- Completed reload, in  3.185 seconds
Domain Reload Profiling:
	ReloadAssembly (3185ms)
		BeginReloadAssembly (233ms)
			ExecutionOrderSort (0ms)
			DisableScriptedObjects (9ms)
			BackupInstance (0ms)
			ReleaseScriptingObjects (0ms)
			CreateAndSetChildDomain (51ms)
		EndReloadAssembly (2769ms)
			LoadAssemblies (271ms)
			RebuildTransferFunctionScriptingTraits (0ms)
			SetupTypeCache (1024ms)
			ReleaseScriptCaches (2ms)
			RebuildScriptCaches (81ms)
			SetupLoadedEditorAssemblies (790ms)
				LogAssemblyErrors (0ms)
				InitializePlatformSupportModulesInManaged (21ms)
				SetLoadedEditorAssemblies (1ms)
				RefreshPlugins (2ms)
				BeforeProcessingInitializeOnLoad (199ms)
				ProcessInitializeOnLoadAttributes (526ms)
				ProcessInitializeOnLoadMethodAttributes (23ms)
				AfterProcessingInitializeOnLoad (18ms)
				EditorAssembliesLoaded (0ms)
			ExecutionOrderSort2 (0ms)
			AwakeInstancesAfterBackupRestoration (32ms)
Platform modules already initialized, skipping
Refreshing native plugins compatible for Editor in 1.74 ms, found 4 plugins.
Preloading 0 native plugins for Editor in 0.00 ms.
Unloading 3679 Unused Serialized files (Serialized files now loaded: 0)
System memory in use before: 142.7 MB.
System memory in use after: 142.8 MB.

Unloading 25 unused Assets to reduce memory usage. Loaded Objects now: 4210.
Total: 6.504500 ms (FindLiveObjects: 0.459100 ms CreateObjectMapping: 0.260400 ms MarkObjects: 5.527000 ms  DeleteObjects: 0.255700 ms)

AssetImportParameters requested are different than current active one (requested -> active):
  custom:framework-win-MediaFoundation: 216162199b28c13a410421893ffa2e32 -> 
  custom:video-decoder-ogg-theora: a1e56fd34408186e4bbccfd4996cb3dc -> 
  custom:container-muxer-webm: aa71ff27fc2769a1b78a27578f13a17b -> 
  custom:container-demuxer-webm: 4f35f7cbe854078d1ac9338744f61a02 -> 
  custom:container-demuxer-ogg: 62fdf1f143b41e24485cea50d1cbac27 -> 
  custom:video-encoder-webm-vp8: eb34c28f22e8b96e1ab97ce403110664 -> 
  custom:video-decoder-webm-vp8: 9c59270c3fd7afecdb556c50c9e8de78 -> 
  custom:audio-decoder-ogg-vorbis: bf7c407c2cedff20999df2af8eb42d56 -> 
  custom:audio-encoder-webm-vorbis: bf7c407c2cedff20999df2af8eb42d56 -> 
AssetImportWorkerClient::OnTransportError - code=2 error=End of file
